==118872== Memcheck, a memory error detector
==118872== Copyright (C) 2002-2017, and GNU GPL'd, by Julian Seward et al.
==118872== Using Valgrind-3.18.1 and LibVEX; rerun with -h for copyright info
==118872== Command: .//philo 1 800 200 200 1
==118872== 
==118872== 
==118872== Process terminating with default action of signal 15 (SIGTERM)
==118872==    at 0x4903117: __futex_abstimed_wait_common64 (futex-internal.c:57)
==118872==    by 0x4903117: __futex_abstimed_wait_common (futex-internal.c:87)
==118872==    by 0x4903117: __futex_abstimed_wait_cancelable64 (futex-internal.c:139)
==118872==    by 0x4908623: __pthread_clockjoin_ex (pthread_join_common.c:105)
==118872==    by 0x402D0D: stop_sim (main.c:82)
==118872==    by 0x402DDC: main (main.c:102)
==118872== 
==118872== HEAP SUMMARY:
==118872==     in use at exit: 600 bytes in 5 blocks
==118872==   total heap usage: 5 allocs, 0 frees, 600 bytes allocated
==118872== 
==118872== 272 bytes in 1 blocks are possibly lost in loss record 5 of 5
==118872==    at 0x484DA83: calloc (in /usr/libexec/valgrind/vgpreload_memcheck-amd64-linux.so)
==118872==    by 0x40147D9: calloc (rtld-malloc.h:44)
==118872==    by 0x40147D9: allocate_dtv (dl-tls.c:375)
==118872==    by 0x40147D9: _dl_allocate_tls (dl-tls.c:634)
==118872==    by 0x49077B4: allocate_stack (allocatestack.c:430)
==118872==    by 0x49077B4: pthread_create@@GLIBC_2.34 (pthread_create.c:647)
==118872==    by 0x402C58: start_sim (main.c:61)
==118872==    by 0x402DCD: main (main.c:101)
==118872== 
==118872== LEAK SUMMARY:
==118872==    definitely lost: 0 bytes in 0 blocks
==118872==    indirectly lost: 0 bytes in 0 blocks
==118872==      possibly lost: 272 bytes in 1 blocks
==118872==    still reachable: 328 bytes in 4 blocks
==118872==         suppressed: 0 bytes in 0 blocks
==118872== Reachable blocks (those to which a pointer was found) are not shown.
==118872== To see them, rerun with: --leak-check=full --show-leak-kinds=all
==118872== 
==118872== For lists of detected and suppressed errors, rerun with: -s
==118872== ERROR SUMMARY: 5 errors from 5 contexts (suppressed: 0 from 0)
